<?xml version="1.0" encoding="UTF-8"?>
<testsuite name="org.hyperskill.calculator.tip.Stage1UnitTest" tests="5" skipped="0" failures="0" errors="0" timestamp="2024-06-03T12:01:49" hostname="Robert" time="0.269">
  <properties/>
  <testcase name="test00_checkEditText" classname="org.hyperskill.calculator.tip.Stage1UnitTest" time="0.047"/>
  <testcase name="test01_checkSlider" classname="org.hyperskill.calculator.tip.Stage1UnitTest" time="0.053"/>
  <testcase name="test02_checkBillValueTextView" classname="org.hyperskill.calculator.tip.Stage1UnitTest" time="0.048"/>
  <testcase name="test03_checkTipPercentTextView" classname="org.hyperskill.calculator.tip.Stage1UnitTest" time="0.049"/>
  <testcase name="test04_checkTipAmountTextView" classname="org.hyperskill.calculator.tip.Stage1UnitTest" time="0.071"/>
  <system-out><![CDATA[]]></system-out>
  <system-err><![CDATA[]]></system-err>
</testsuite>
